  main.cpp
E:\MonteCarloRayTracer\MonteCarloRayTracer\src\vec3.h(55,10): warning C4244: “初始化”: 从“double”转换到“float”，可能丢失数据
E:\MonteCarloRayTracer\MonteCarloRayTracer\src\random.h(11,48): warning C4244: “参数”: 从“double”转换到“float”，可能丢失数据
E:\MonteCarloRayTracer\MonteCarloRayTracer\src\random.h(11,31): warning C4244: “参数”: 从“double”转换到“float”，可能丢失数据
E:\MonteCarloRayTracer\MonteCarloRayTracer\src\random.h(19,65): warning C4244: “参数”: 从“double”转换到“float”，可能丢失数据
E:\MonteCarloRayTracer\MonteCarloRayTracer\src\random.h(19,48): warning C4244: “参数”: 从“double”转换到“float”，可能丢失数据
E:\MonteCarloRayTracer\MonteCarloRayTracer\src\random.h(19,31): warning C4244: “参数”: 从“double”转换到“float”，可能丢失数据
E:\MonteCarloRayTracer\MonteCarloRayTracer\src\random.h(25,11): warning C4244: “初始化”: 从“double”转换到“float”，可能丢失数据
E:\MonteCarloRayTracer\MonteCarloRayTracer\src\random.h(26,11): warning C4244: “初始化”: 从“double”转换到“float”，可能丢失数据
E:\MonteCarloRayTracer\MonteCarloRayTracer\src\random.h(28,12): warning C4244: “初始化”: 从“double”转换到“float”，可能丢失数据
E:\MonteCarloRayTracer\MonteCarloRayTracer\src\random.h(35,11): warning C4244: “初始化”: 从“double”转换到“float”，可能丢失数据
E:\MonteCarloRayTracer\MonteCarloRayTracer\src\random.h(36,11): warning C4244: “初始化”: 从“double”转换到“float”，可能丢失数据
E:\MonteCarloRayTracer\MonteCarloRayTracer\src\random.h(38,12): warning C4244: “初始化”: 从“double”转换到“float”，可能丢失数据
E:\MonteCarloRayTracer\MonteCarloRayTracer\src\rect.h(46,28): warning C4244: “参数”: 从“double”转换到“float”，可能丢失数据
E:\MonteCarloRayTracer\MonteCarloRayTracer\src\rect.h(46,54): warning C4244: “参数”: 从“double”转换到“float”，可能丢失数据
E:\MonteCarloRayTracer\MonteCarloRayTracer\src\rect.h(70,24): warning C4244: “参数”: 从“double”转换到“float”，可能丢失数据
E:\MonteCarloRayTracer\MonteCarloRayTracer\src\rect.h(70,50): warning C4244: “参数”: 从“double”转换到“float”，可能丢失数据
E:\MonteCarloRayTracer\MonteCarloRayTracer\src\rect.h(93,5): warning C4305: “参数”: 从“double”到“float”截断
E:\MonteCarloRayTracer\MonteCarloRayTracer\src\rect.h(104,67): warning C4244: “参数”: 从“double”转换到“float”，可能丢失数据
E:\MonteCarloRayTracer\MonteCarloRayTracer\src\rect.h(104,30): warning C4244: “参数”: 从“double”转换到“float”，可能丢失数据
E:\MonteCarloRayTracer\MonteCarloRayTracer\src\rect.h(111,20): warning C4244: “参数”: 从“double”转换到“float”，可能丢失数据
E:\MonteCarloRayTracer\MonteCarloRayTracer\src\rect.h(111,46): warning C4244: “参数”: 从“double”转换到“float”，可能丢失数据
E:\MonteCarloRayTracer\MonteCarloRayTracer\src\hittable_list.h(24,30): warning C4244: “参数”: 从“double”转换到“float”，可能丢失数据
E:\MonteCarloRayTracer\MonteCarloRayTracer\src\hittable_list.h(52,15): warning C4244: “初始化”: 从“double”转换到“float”，可能丢失数据
E:\MonteCarloRayTracer\MonteCarloRayTracer\src\transform.h(78,16): warning C4244: “初始化”: 从“double”转换到“float”，可能丢失数据
E:\MonteCarloRayTracer\MonteCarloRayTracer\src\camera.h(24,14): warning C4244: “初始化”: 从“double”转换到“float”，可能丢失数据
E:\MonteCarloRayTracer\MonteCarloRayTracer\src\camera.h(39,13): warning C4244: “初始化”: 从“double”转换到“float”，可能丢失数据
E:\MonteCarloRayTracer\MonteCarloRayTracer\src\pdf.h(47,17): warning C4244: “return”: 从“double”转换到“float”，可能丢失数据
E:\MonteCarloRayTracer\MonteCarloRayTracer\src\pdf.h(69,38): warning C4244: “return”: 从“double”转换到“float”，可能丢失数据
E:\MonteCarloRayTracer\MonteCarloRayTracer\src\texture.h(39,8): warning C4244: “初始化”: 从“float”转换到“int”，可能丢失数据
E:\MonteCarloRayTracer\MonteCarloRayTracer\src\texture.h(40,8): warning C4244: “初始化”: 从“double”转换到“int”，可能丢失数据
E:\MonteCarloRayTracer\MonteCarloRayTracer\src\texture.h(45,10): warning C4244: “初始化”: 从“double”转换到“float”，可能丢失数据
E:\MonteCarloRayTracer\MonteCarloRayTracer\src\texture.h(46,10): warning C4244: “初始化”: 从“double”转换到“float”，可能丢失数据
E:\MonteCarloRayTracer\MonteCarloRayTracer\src\texture.h(47,10): warning C4244: “初始化”: 从“double”转换到“float”，可能丢失数据
E:\MonteCarloRayTracer\MonteCarloRayTracer\src\material.h(18,21): warning C4244: “初始化”: 从“double”转换到“float”，可能丢失数据
E:\MonteCarloRayTracer\MonteCarloRayTracer\src\material.h(100,20): warning C4244: “=”: 从“double”转换到“float”，可能丢失数据
E:\MonteCarloRayTracer\MonteCarloRayTracer\src\material.h(136,16): warning C4244: “return”: 从“double”转换到“float”，可能丢失数据
E:\MonteCarloRayTracer\MonteCarloRayTracer\src\sphere.h(9,8): warning C4244: “=”: 从“double”转换到“float”，可能丢失数据
E:\MonteCarloRayTracer\MonteCarloRayTracer\src\sphere.h(10,25): warning C4244: “=”: 从“double”转换到“float”，可能丢失数据
E:\MonteCarloRayTracer\MonteCarloRayTracer\src\sphere.h(64,5): warning C4305: “参数”: 从“double”到“float”截断
E:\MonteCarloRayTracer\MonteCarloRayTracer\src\sphere.h(66,21): warning C4244: “初始化”: 从“double”转换到“float”，可能丢失数据
E:\MonteCarloRayTracer\MonteCarloRayTracer\src\triangle.h(102,12): warning C4244: “初始化”: 从“double”转换到“float”，可能丢失数据
E:\MonteCarloRayTracer\MonteCarloRayTracer\src\triangle.h(103,12): warning C4244: “初始化”: 从“double”转换到“float”，可能丢失数据
E:\MonteCarloRayTracer\MonteCarloRayTracer\src\main.cpp(35,5): warning C4305: “参数”: 从“double”到“float”截断
E:\MonteCarloRayTracer\MonteCarloRayTracer\src\main.cpp(87,75): warning C4305: “参数”: 从“double”到“float”截断
E:\MonteCarloRayTracer\MonteCarloRayTracer\src\main.cpp(88,77): warning C4305: “参数”: 从“double”到“float”截断
E:\MonteCarloRayTracer\MonteCarloRayTracer\src\main.cpp(89,77): warning C4305: “参数”: 从“double”到“float”截断
E:\MonteCarloRayTracer\MonteCarloRayTracer\src\main.cpp(92,46): warning C4305: “参数”: 从“double”到“float”截断
